  stdafx.cpp
  AIGun.cpp
d:\gamedev\game-253-ooanalysisdesign\zedfighter\zedfighter\zedfighter\BasicFunctions.h(12): fatal error C1083: Cannot open include file: 'SDL.h': No such file or directory
  BUILDAWall.cpp
d:\gamedev\game-253-ooanalysisdesign\zedfighter\zedfighter\zedfighter\BasicFunctions.h(12): fatal error C1083: Cannot open include file: 'SDL.h': No such file or directory
  Character.cpp
d:\gamedev\game-253-ooanalysisdesign\zedfighter\zedfighter\zedfighter\BasicFunctions.h(12): fatal error C1083: Cannot open include file: 'SDL.h': No such file or directory
  EnemyGrunt.cpp
d:\gamedev\game-253-ooanalysisdesign\zedfighter\zedfighter\zedfighter\BasicFunctions.h(12): fatal error C1083: Cannot open include file: 'SDL.h': No such file or directory
  GameLevel.cpp
d:\gamedev\game-253-ooanalysisdesign\zedfighter\zedfighter\zedfighter\BasicFunctions.h(12): fatal error C1083: Cannot open include file: 'SDL.h': No such file or directory
  ZedFighter.cpp
d:\gamedev\game-253-ooanalysisdesign\zedfighter\zedfighter\zedfighter\BasicFunctions.h(12): fatal error C1083: Cannot open include file: 'SDL.h': No such file or directory
  Main.cpp
d:\gamedev\game-253-ooanalysisdesign\zedfighter\zedfighter\zedfighter\BasicFunctions.h(12): fatal error C1083: Cannot open include file: 'SDL.h': No such file or directory
  Menu.cpp
d:\gamedev\game-253-ooanalysisdesign\zedfighter\zedfighter\zedfighter\BasicFunctions.h(12): fatal error C1083: Cannot open include file: 'SDL.h': No such file or directory
  Player.cpp
d:\gamedev\game-253-ooanalysisdesign\zedfighter\zedfighter\zedfighter\BasicFunctions.h(12): fatal error C1083: Cannot open include file: 'SDL.h': No such file or directory
  Gun.cpp
d:\gamedev\game-253-ooanalysisdesign\zedfighter\zedfighter\zedfighter\BasicFunctions.h(12): fatal error C1083: Cannot open include file: 'SDL.h': No such file or directory
  GunSounds.cpp
d:\gamedev\game-253-ooanalysisdesign\zedfighter\zedfighter\zedfighter\BasicFunctions.h(12): fatal error C1083: Cannot open include file: 'SDL.h': No such file or directory
  Props.cpp
d:\gamedev\game-253-ooanalysisdesign\zedfighter\zedfighter\zedfighter\BasicFunctions.h(12): fatal error C1083: Cannot open include file: 'SDL.h': No such file or directory
